<?xml version="1.0" encoding="UTF-8"?>
<testsuite xmlns:xsi="http://www.w3.org/2001/XMLSchema-instance" xsi:noNamespaceSchemaLocation="https://maven.apache.org/surefire/maven-surefire-plugin/xsd/surefire-test-report.xsd" name="TestSuite" time="48.954" tests="3" errors="0" skipped="0" failures="0">
  <properties>
    <property name="awt.toolkit" value="sun.awt.X11.XToolkit"/>
    <property name="java.specification.version" value="11"/>
    <property name="sun.cpu.isalist" value=""/>
    <property name="sun.jnu.encoding" value="UTF-8"/>
    <property name="java.class.path" value="/workspace/LambdaTestSelenium101/target/test-classes:/workspace/LambdaTestSelenium101/target/classes:/workspace/m2-repository/org/seleniumhq/selenium/selenium-java/4.0.0/selenium-java-4.0.0.jar:/workspace/m2-repository/org/seleniumhq/selenium/selenium-api/4.0.0/selenium-api-4.0.0.jar:/workspace/m2-repository/org/seleniumhq/selenium/selenium-chrome-driver/4.0.0/selenium-chrome-driver-4.0.0.jar:/workspace/m2-repository/com/google/auto/service/auto-service-annotations/1.0/auto-service-annotations-1.0.jar:/workspace/m2-repository/com/google/auto/service/auto-service/1.0/auto-service-1.0.jar:/workspace/m2-repository/com/google/auto/auto-common/1.0/auto-common-1.0.jar:/workspace/m2-repository/com/google/guava/guava/31.0.1-jre/guava-31.0.1-jre.jar:/workspace/m2-repository/com/google/guava/failureaccess/1.0.1/failureaccess-1.0.1.jar:/workspace/m2-repository/com/google/guava/listenablefuture/9999.0-empty-to-avoid-conflict-with-guava/listenablefuture-9999.0-empty-to-avoid-conflict-with-guava.jar:/workspace/m2-repository/com/google/code/findbugs/jsr305/3.0.2/jsr305-3.0.2.jar:/workspace/m2-repository/org/checkerframework/checker-qual/3.12.0/checker-qual-3.12.0.jar:/workspace/m2-repository/com/google/errorprone/error_prone_annotations/2.7.1/error_prone_annotations-2.7.1.jar:/workspace/m2-repository/com/google/j2objc/j2objc-annotations/1.3/j2objc-annotations-1.3.jar:/workspace/m2-repository/org/seleniumhq/selenium/selenium-chromium-driver/4.0.0/selenium-chromium-driver-4.0.0.jar:/workspace/m2-repository/org/seleniumhq/selenium/selenium-json/4.0.0/selenium-json-4.0.0.jar:/workspace/m2-repository/org/seleniumhq/selenium/selenium-devtools-v85/4.0.0/selenium-devtools-v85-4.0.0.jar:/workspace/m2-repository/org/seleniumhq/selenium/selenium-devtools-v93/4.0.0/selenium-devtools-v93-4.0.0.jar:/workspace/m2-repository/org/seleniumhq/selenium/selenium-devtools-v94/4.0.0/selenium-devtools-v94-4.0.0.jar:/workspace/m2-repository/org/seleniumhq/selenium/selenium-devtools-v95/4.0.0/selenium-devtools-v95-4.0.0.jar:/workspace/m2-repository/org/seleniumhq/selenium/selenium-edge-driver/4.0.0/selenium-edge-driver-4.0.0.jar:/workspace/m2-repository/org/seleniumhq/selenium/selenium-firefox-driver/4.0.0/selenium-firefox-driver-4.0.0.jar:/workspace/m2-repository/org/seleniumhq/selenium/selenium-firefox-xpi-driver/4.0.0/selenium-firefox-xpi-driver-4.0.0.jar:/workspace/m2-repository/org/seleniumhq/selenium/selenium-ie-driver/4.0.0/selenium-ie-driver-4.0.0.jar:/workspace/m2-repository/org/seleniumhq/selenium/selenium-opera-driver/4.0.0/selenium-opera-driver-4.0.0.jar:/workspace/m2-repository/org/seleniumhq/selenium/selenium-remote-driver/4.0.0/selenium-remote-driver-4.0.0.jar:/workspace/m2-repository/io/netty/netty-buffer/4.1.68.Final/netty-buffer-4.1.68.Final.jar:/workspace/m2-repository/io/netty/netty-codec-http/4.1.67.Final/netty-codec-http-4.1.67.Final.jar:/workspace/m2-repository/io/netty/netty-codec/4.1.67.Final/netty-codec-4.1.67.Final.jar:/workspace/m2-repository/io/netty/netty-handler/4.1.67.Final/netty-handler-4.1.67.Final.jar:/workspace/m2-repository/io/netty/netty-common/4.1.68.Final/netty-common-4.1.68.Final.jar:/workspace/m2-repository/io/netty/netty-transport-native-epoll/4.1.67.Final/netty-transport-native-epoll-4.1.67.Final.jar:/workspace/m2-repository/io/netty/netty-transport-native-kqueue/4.1.67.Final/netty-transport-native-kqueue-4.1.67.Final.jar:/workspace/m2-repository/io/netty/netty-transport-native-unix-common/4.1.67.Final/netty-transport-native-unix-common-4.1.67.Final.jar:/workspace/m2-repository/io/netty/netty-transport/4.1.68.Final/netty-transport-4.1.68.Final.jar:/workspace/m2-repository/io/netty/netty-resolver/4.1.68.Final/netty-resolver-4.1.68.Final.jar:/workspace/m2-repository/io/opentelemetry/opentelemetry-api/1.6.0/opentelemetry-api-1.6.0.jar:/workspace/m2-repository/io/opentelemetry/opentelemetry-context/1.6.0/opentelemetry-context-1.6.0.jar:/workspace/m2-repository/io/opentelemetry/opentelemetry-exporter-logging/1.6.0/opentelemetry-exporter-logging-1.6.0.jar:/workspace/m2-repository/io/opentelemetry/opentelemetry-sdk-metrics/1.6.0-alpha/opentelemetry-sdk-metrics-1.6.0-alpha.jar:/workspace/m2-repository/io/opentelemetry/opentelemetry-sdk-common/1.6.0/opentelemetry-sdk-common-1.6.0.jar:/workspace/m2-repository/io/opentelemetry/opentelemetry-sdk-extension-autoconfigure-spi/1.6.0/opentelemetry-sdk-extension-autoconfigure-spi-1.6.0.jar:/workspace/m2-repository/io/opentelemetry/opentelemetry-sdk-extension-autoconfigure/1.6.0-alpha/opentelemetry-sdk-extension-autoconfigure-1.6.0-alpha.jar:/workspace/m2-repository/io/opentelemetry/opentelemetry-sdk-trace/1.6.0/opentelemetry-sdk-trace-1.6.0.jar:/workspace/m2-repository/io/opentelemetry/opentelemetry-api-metrics/1.6.0-alpha/opentelemetry-api-metrics-1.6.0-alpha.jar:/workspace/m2-repository/io/opentelemetry/opentelemetry-sdk/1.6.0/opentelemetry-sdk-1.6.0.jar:/workspace/m2-repository/io/opentelemetry/opentelemetry-semconv/1.6.0-alpha/opentelemetry-semconv-1.6.0-alpha.jar:/workspace/m2-repository/io/ous/jtoml/2.0.0/jtoml-2.0.0.jar:/workspace/m2-repository/net/bytebuddy/byte-buddy/1.11.19/byte-buddy-1.11.19.jar:/workspace/m2-repository/org/apache/commons/commons-exec/1.3/commons-exec-1.3.jar:/workspace/m2-repository/org/asynchttpclient/async-http-client/2.12.3/async-http-client-2.12.3.jar:/workspace/m2-repository/org/asynchttpclient/async-http-client-netty-utils/2.12.3/async-http-client-netty-utils-2.12.3.jar:/workspace/m2-repository/io/netty/netty-codec-socks/4.1.60.Final/netty-codec-socks-4.1.60.Final.jar:/workspace/m2-repository/io/netty/netty-handler-proxy/4.1.60.Final/netty-handler-proxy-4.1.60.Final.jar:/workspace/m2-repository/io/netty/netty-transport-native-epoll/4.1.60.Final/netty-transport-native-epoll-4.1.60.Final-linux-x86_64.jar:/workspace/m2-repository/io/netty/netty-transport-native-kqueue/4.1.60.Final/netty-transport-native-kqueue-4.1.60.Final-osx-x86_64.jar:/workspace/m2-repository/org/reactivestreams/reactive-streams/1.0.3/reactive-streams-1.0.3.jar:/workspace/m2-repository/com/typesafe/netty/netty-reactive-streams/2.0.4/netty-reactive-streams-2.0.4.jar:/workspace/m2-repository/org/slf4j/slf4j-api/1.7.30/slf4j-api-1.7.30.jar:/workspace/m2-repository/com/sun/activation/jakarta.activation/1.2.2/jakarta.activation-1.2.2.jar:/workspace/m2-repository/org/seleniumhq/selenium/selenium-http/4.0.0/selenium-http-4.0.0.jar:/workspace/m2-repository/org/seleniumhq/selenium/selenium-safari-driver/4.0.0/selenium-safari-driver-4.0.0.jar:/workspace/m2-repository/org/seleniumhq/selenium/selenium-support/4.0.0/selenium-support-4.0.0.jar:/workspace/m2-repository/org/testng/testng/7.0.0/testng-7.0.0.jar:/workspace/m2-repository/com/beust/jcommander/1.72/jcommander-1.72.jar:/workspace/m2-repository/org/apache/poi/poi/3.17/poi-3.17.jar:/workspace/m2-repository/commons-codec/commons-codec/1.10/commons-codec-1.10.jar:/workspace/m2-repository/org/apache/commons/commons-collections4/4.1/commons-collections4-4.1.jar:/workspace/m2-repository/org/apache/poi/poi-ooxml/3.17/poi-ooxml-3.17.jar:/workspace/m2-repository/org/apache/poi/poi-ooxml-schemas/3.17/poi-ooxml-schemas-3.17.jar:/workspace/m2-repository/org/apache/xmlbeans/xmlbeans/2.6.0/xmlbeans-2.6.0.jar:/workspace/m2-repository/stax/stax-api/1.0.1/stax-api-1.0.1.jar:/workspace/m2-repository/com/github/virtuald/curvesapi/1.04/curvesapi-1.04.jar:/workspace/m2-repository/org/apache/maven/surefire/surefire-testng-utils/2.21.0/surefire-testng-utils-2.21.0.jar:/workspace/m2-repository/org/apache/maven/surefire/surefire-grouper/2.21.0/surefire-grouper-2.21.0.jar:"/>
    <property name="java.vm.vendor" value="Azul Systems, Inc."/>
    <property name="sun.arch.data.model" value="64"/>
    <property name="java.vendor.url" value="http://www.azul.com/"/>
    <property name="user.timezone" value=""/>
    <property name="java.vm.specification.version" value="11"/>
    <property name="os.name" value="Linux"/>
    <property name="sun.java.launcher" value="SUN_STANDARD"/>
    <property name="user.country" value="US"/>
    <property name="sun.boot.library.path" value="/home/gitpod/.sdkman/candidates/java/11.0.13.fx-zulu/lib"/>
    <property name="sun.java.command" value="/workspace/LambdaTestSelenium101/target/surefire/surefirebooter7217928742910736936.jar /workspace/LambdaTestSelenium101/target/surefire 2022-01-30T17-29-06_536-jvmRun1 surefire14277192805747020680tmp surefire_05992356712758484184tmp"/>
    <property name="jdk.debug" value="release"/>
    <property name="surefire.test.class.path" value="/workspace/LambdaTestSelenium101/target/test-classes:/workspace/LambdaTestSelenium101/target/classes:/workspace/m2-repository/org/seleniumhq/selenium/selenium-java/4.0.0/selenium-java-4.0.0.jar:/workspace/m2-repository/org/seleniumhq/selenium/selenium-api/4.0.0/selenium-api-4.0.0.jar:/workspace/m2-repository/org/seleniumhq/selenium/selenium-chrome-driver/4.0.0/selenium-chrome-driver-4.0.0.jar:/workspace/m2-repository/com/google/auto/service/auto-service-annotations/1.0/auto-service-annotations-1.0.jar:/workspace/m2-repository/com/google/auto/service/auto-service/1.0/auto-service-1.0.jar:/workspace/m2-repository/com/google/auto/auto-common/1.0/auto-common-1.0.jar:/workspace/m2-repository/com/google/guava/guava/31.0.1-jre/guava-31.0.1-jre.jar:/workspace/m2-repository/com/google/guava/failureaccess/1.0.1/failureaccess-1.0.1.jar:/workspace/m2-repository/com/google/guava/listenablefuture/9999.0-empty-to-avoid-conflict-with-guava/listenablefuture-9999.0-empty-to-avoid-conflict-with-guava.jar:/workspace/m2-repository/com/google/code/findbugs/jsr305/3.0.2/jsr305-3.0.2.jar:/workspace/m2-repository/org/checkerframework/checker-qual/3.12.0/checker-qual-3.12.0.jar:/workspace/m2-repository/com/google/errorprone/error_prone_annotations/2.7.1/error_prone_annotations-2.7.1.jar:/workspace/m2-repository/com/google/j2objc/j2objc-annotations/1.3/j2objc-annotations-1.3.jar:/workspace/m2-repository/org/seleniumhq/selenium/selenium-chromium-driver/4.0.0/selenium-chromium-driver-4.0.0.jar:/workspace/m2-repository/org/seleniumhq/selenium/selenium-json/4.0.0/selenium-json-4.0.0.jar:/workspace/m2-repository/org/seleniumhq/selenium/selenium-devtools-v85/4.0.0/selenium-devtools-v85-4.0.0.jar:/workspace/m2-repository/org/seleniumhq/selenium/selenium-devtools-v93/4.0.0/selenium-devtools-v93-4.0.0.jar:/workspace/m2-repository/org/seleniumhq/selenium/selenium-devtools-v94/4.0.0/selenium-devtools-v94-4.0.0.jar:/workspace/m2-repository/org/seleniumhq/selenium/selenium-devtools-v95/4.0.0/selenium-devtools-v95-4.0.0.jar:/workspace/m2-repository/org/seleniumhq/selenium/selenium-edge-driver/4.0.0/selenium-edge-driver-4.0.0.jar:/workspace/m2-repository/org/seleniumhq/selenium/selenium-firefox-driver/4.0.0/selenium-firefox-driver-4.0.0.jar:/workspace/m2-repository/org/seleniumhq/selenium/selenium-firefox-xpi-driver/4.0.0/selenium-firefox-xpi-driver-4.0.0.jar:/workspace/m2-repository/org/seleniumhq/selenium/selenium-ie-driver/4.0.0/selenium-ie-driver-4.0.0.jar:/workspace/m2-repository/org/seleniumhq/selenium/selenium-opera-driver/4.0.0/selenium-opera-driver-4.0.0.jar:/workspace/m2-repository/org/seleniumhq/selenium/selenium-remote-driver/4.0.0/selenium-remote-driver-4.0.0.jar:/workspace/m2-repository/io/netty/netty-buffer/4.1.68.Final/netty-buffer-4.1.68.Final.jar:/workspace/m2-repository/io/netty/netty-codec-http/4.1.67.Final/netty-codec-http-4.1.67.Final.jar:/workspace/m2-repository/io/netty/netty-codec/4.1.67.Final/netty-codec-4.1.67.Final.jar:/workspace/m2-repository/io/netty/netty-handler/4.1.67.Final/netty-handler-4.1.67.Final.jar:/workspace/m2-repository/io/netty/netty-common/4.1.68.Final/netty-common-4.1.68.Final.jar:/workspace/m2-repository/io/netty/netty-transport-native-epoll/4.1.67.Final/netty-transport-native-epoll-4.1.67.Final.jar:/workspace/m2-repository/io/netty/netty-transport-native-kqueue/4.1.67.Final/netty-transport-native-kqueue-4.1.67.Final.jar:/workspace/m2-repository/io/netty/netty-transport-native-unix-common/4.1.67.Final/netty-transport-native-unix-common-4.1.67.Final.jar:/workspace/m2-repository/io/netty/netty-transport/4.1.68.Final/netty-transport-4.1.68.Final.jar:/workspace/m2-repository/io/netty/netty-resolver/4.1.68.Final/netty-resolver-4.1.68.Final.jar:/workspace/m2-repository/io/opentelemetry/opentelemetry-api/1.6.0/opentelemetry-api-1.6.0.jar:/workspace/m2-repository/io/opentelemetry/opentelemetry-context/1.6.0/opentelemetry-context-1.6.0.jar:/workspace/m2-repository/io/opentelemetry/opentelemetry-exporter-logging/1.6.0/opentelemetry-exporter-logging-1.6.0.jar:/workspace/m2-repository/io/opentelemetry/opentelemetry-sdk-metrics/1.6.0-alpha/opentelemetry-sdk-metrics-1.6.0-alpha.jar:/workspace/m2-repository/io/opentelemetry/opentelemetry-sdk-common/1.6.0/opentelemetry-sdk-common-1.6.0.jar:/workspace/m2-repository/io/opentelemetry/opentelemetry-sdk-extension-autoconfigure-spi/1.6.0/opentelemetry-sdk-extension-autoconfigure-spi-1.6.0.jar:/workspace/m2-repository/io/opentelemetry/opentelemetry-sdk-extension-autoconfigure/1.6.0-alpha/opentelemetry-sdk-extension-autoconfigure-1.6.0-alpha.jar:/workspace/m2-repository/io/opentelemetry/opentelemetry-sdk-trace/1.6.0/opentelemetry-sdk-trace-1.6.0.jar:/workspace/m2-repository/io/opentelemetry/opentelemetry-api-metrics/1.6.0-alpha/opentelemetry-api-metrics-1.6.0-alpha.jar:/workspace/m2-repository/io/opentelemetry/opentelemetry-sdk/1.6.0/opentelemetry-sdk-1.6.0.jar:/workspace/m2-repository/io/opentelemetry/opentelemetry-semconv/1.6.0-alpha/opentelemetry-semconv-1.6.0-alpha.jar:/workspace/m2-repository/io/ous/jtoml/2.0.0/jtoml-2.0.0.jar:/workspace/m2-repository/net/bytebuddy/byte-buddy/1.11.19/byte-buddy-1.11.19.jar:/workspace/m2-repository/org/apache/commons/commons-exec/1.3/commons-exec-1.3.jar:/workspace/m2-repository/org/asynchttpclient/async-http-client/2.12.3/async-http-client-2.12.3.jar:/workspace/m2-repository/org/asynchttpclient/async-http-client-netty-utils/2.12.3/async-http-client-netty-utils-2.12.3.jar:/workspace/m2-repository/io/netty/netty-codec-socks/4.1.60.Final/netty-codec-socks-4.1.60.Final.jar:/workspace/m2-repository/io/netty/netty-handler-proxy/4.1.60.Final/netty-handler-proxy-4.1.60.Final.jar:/workspace/m2-repository/io/netty/netty-transport-native-epoll/4.1.60.Final/netty-transport-native-epoll-4.1.60.Final-linux-x86_64.jar:/workspace/m2-repository/io/netty/netty-transport-native-kqueue/4.1.60.Final/netty-transport-native-kqueue-4.1.60.Final-osx-x86_64.jar:/workspace/m2-repository/org/reactivestreams/reactive-streams/1.0.3/reactive-streams-1.0.3.jar:/workspace/m2-repository/com/typesafe/netty/netty-reactive-streams/2.0.4/netty-reactive-streams-2.0.4.jar:/workspace/m2-repository/org/slf4j/slf4j-api/1.7.30/slf4j-api-1.7.30.jar:/workspace/m2-repository/com/sun/activation/jakarta.activation/1.2.2/jakarta.activation-1.2.2.jar:/workspace/m2-repository/org/seleniumhq/selenium/selenium-http/4.0.0/selenium-http-4.0.0.jar:/workspace/m2-repository/org/seleniumhq/selenium/selenium-safari-driver/4.0.0/selenium-safari-driver-4.0.0.jar:/workspace/m2-repository/org/seleniumhq/selenium/selenium-support/4.0.0/selenium-support-4.0.0.jar:/workspace/m2-repository/org/testng/testng/7.0.0/testng-7.0.0.jar:/workspace/m2-repository/com/beust/jcommander/1.72/jcommander-1.72.jar:/workspace/m2-repository/org/apache/poi/poi/3.17/poi-3.17.jar:/workspace/m2-repository/commons-codec/commons-codec/1.10/commons-codec-1.10.jar:/workspace/m2-repository/org/apache/commons/commons-collections4/4.1/commons-collections4-4.1.jar:/workspace/m2-repository/org/apache/poi/poi-ooxml/3.17/poi-ooxml-3.17.jar:/workspace/m2-repository/org/apache/poi/poi-ooxml-schemas/3.17/poi-ooxml-schemas-3.17.jar:/workspace/m2-repository/org/apache/xmlbeans/xmlbeans/2.6.0/xmlbeans-2.6.0.jar:/workspace/m2-repository/stax/stax-api/1.0.1/stax-api-1.0.1.jar:/workspace/m2-repository/com/github/virtuald/curvesapi/1.04/curvesapi-1.04.jar:/workspace/m2-repository/org/apache/maven/surefire/surefire-testng-utils/2.21.0/surefire-testng-utils-2.21.0.jar:/workspace/m2-repository/org/apache/maven/surefire/surefire-grouper/2.21.0/surefire-grouper-2.21.0.jar:"/>
    <property name="sun.cpu.endian" value="little"/>
    <property name="user.home" value="/home/gitpod"/>
    <property name="user.language" value="en"/>
    <property name="java.specification.vendor" value="Oracle Corporation"/>
    <property name="java.version.date" value="2021-10-19"/>
    <property name="java.home" value="/home/gitpod/.sdkman/candidates/java/11.0.13.fx-zulu"/>
    <property name="file.separator" value="/"/>
    <property name="basedir" value="/workspace/LambdaTestSelenium101"/>
    <property name="java.vm.compressedOopsMode" value="Zero based"/>
    <property name="line.separator" value="&#10;"/>
    <property name="java.specification.name" value="Java Platform API Specification"/>
    <property name="java.vm.specification.vendor" value="Oracle Corporation"/>
    <property name="jdk.vendor.version" value="Zulu11.52+13-CA"/>
    <property name="java.awt.graphicsenv" value="sun.awt.X11GraphicsEnvironment"/>
    <property name="surefire.real.class.path" value="/workspace/LambdaTestSelenium101/target/surefire/surefirebooter7217928742910736936.jar"/>
    <property name="sun.management.compiler" value="HotSpot 64-Bit Tiered Compilers"/>
    <property name="java.runtime.version" value="11.0.13+8-LTS"/>
    <property name="user.name" value="gitpod"/>
    <property name="path.separator" value=":"/>
    <property name="os.version" value="5.13.0-1012-gcp"/>
    <property name="java.runtime.name" value="OpenJDK Runtime Environment"/>
    <property name="file.encoding" value="UTF-8"/>
    <property name="java.vm.name" value="OpenJDK 64-Bit Server VM"/>
    <property name="skipTests" value="false"/>
    <property name="java.vendor.version" value="Zulu11.52+13-CA"/>
    <property name="localRepository" value="/workspace/m2-repository"/>
    <property name="java.vendor.url.bug" value="http://www.azul.com/support/"/>
    <property name="java.io.tmpdir" value="/tmp"/>
    <property name="java.version" value="11.0.13"/>
    <property name="user.dir" value="/workspace/LambdaTestSelenium101"/>
    <property name="os.arch" value="amd64"/>
    <property name="java.vm.specification.name" value="Java Virtual Machine Specification"/>
    <property name="java.awt.printerjob" value="sun.print.PSPrinterJob"/>
    <property name="sun.os.patch.level" value="unknown"/>
    <property name="java.library.path" value="/usr/java/packages/lib:/usr/lib64:/lib64:/lib:/usr/lib"/>
    <property name="java.vm.info" value="mixed mode"/>
    <property name="java.vendor" value="Azul Systems, Inc."/>
    <property name="java.vm.version" value="11.0.13+8-LTS"/>
    <property name="sun.io.unicode.encoding" value="UnicodeLittle"/>
    <property name="java.class.version" value="55.0"/>
  </properties>
  <testcase name="test1" classname="com.mindtree.runners.LambdaTest" time="10.348"/>
  <testcase name="test2" classname="com.mindtree.runners.LambdaTest" time="21.58"/>
  <testcase name="test3" classname="com.mindtree.runners.LambdaTest" time="16.468"/>
</testsuite>