<?xml version="1.0" encoding="UTF-8"?>
<!-- Generated by org.testng.reporters.JUnitReportReporter -->
<testsuite skipped="0" hostname="IRONMAN" name="com.mindtree.runners.LambdaTest" tests="3" failures="0" timestamp="2022-01-30T22:42:58 IST" time="97.751" errors="0">
  <testcase name="test3" time="29.918" classname="com.mindtree.runners.LambdaTest"/>
  <testcase name="test2" time="49.469" classname="com.mindtree.runners.LambdaTest"/>
  <testcase name="test1" time="18.364" classname="com.mindtree.runners.LambdaTest"/>
</testsuite> <!-- com.mindtree.runners.LambdaTest -->
